<?xml version="1.0" encoding="UTF-8"?>
<!-- Generated by org.testng.reporters.JUnitReportReporter -->
<testsuite hostname="LAPTOP-PLNO5R2G" failures="0" tests="1" name="com.qa.hybridpractice.testcases.HybridPractice_SignInLinkTest" time="3.454" errors="0" timestamp="2023-10-09T16:26:35 PDT" skipped="0">
  <testcase classname="com.qa.hybridpractice.testcases.HybridPractice_SignInLinkTest" name="clickOnSignInLink" time="3.454"/>
</testsuite> <!-- com.qa.hybridpractice.testcases.HybridPractice_SignInLinkTest -->
