<?xml version="1.0" encoding="UTF-8"?>
<!-- Generated by org.testng.reporters.JUnitReportReporter -->
<testsuite hostname="LAPTOP-PLNO5R2G" failures="0" tests="14" name="com.qa.hybridpractice.testcases.HybridPractice_LoginTests" time="90.847" errors="0" timestamp="2023-10-09T16:26:35 PDT" skipped="0">
  <testcase classname="com.qa.hybridpractice.testcases.HybridPractice_LoginTests" name="logInWithValidCredentialsUsingDataProvider" time="8.849"/>
  <testcase classname="com.qa.hybridpractice.testcases.HybridPractice_LoginTests" name="logInWithValidCredentialsUsingDataProvider" time="6.058"/>
  <testcase classname="com.qa.hybridpractice.testcases.HybridPractice_LoginTests" name="logInWithValidCredentialsUsingDataProvider" time="7.959"/>
  <testcase classname="com.qa.hybridpractice.testcases.HybridPractice_LoginTests" name="logInWithValidCredentialsUsingDataProvider" time="6.311"/>
  <testcase classname="com.qa.hybridpractice.testcases.HybridPractice_LoginTests" name="logInWithValidCredentialsUsingDataProvider" time="8.161"/>
  <testcase classname="com.qa.hybridpractice.testcases.HybridPractice_LoginTests" name="logInWithValidCredentialsUsingDataProviderExcelSheet" time="8.060"/>
  <testcase classname="com.qa.hybridpractice.testcases.HybridPractice_LoginTests" name="logInWithValidCredentialsUsingDataProviderExcelSheet" time="9.064"/>
  <testcase classname="com.qa.hybridpractice.testcases.HybridPractice_LoginTests" name="logInWithValidCredentialsUsingDataProviderExcelSheet" time="5.928"/>
  <testcase classname="com.qa.hybridpractice.testcases.HybridPractice_LoginTests" name="logInWithValidCredentialsUsingDataProviderExcelSheet" time="9.579"/>
  <testcase classname="com.qa.hybridpractice.testcases.HybridPractice_LoginTests" name="logInWithValidCredentialsUsingDataProviderExcelSheet" time="5.762"/>
  <testcase classname="com.qa.hybridpractice.testcases.HybridPractice_LoginTests" name="logInWithInvalidCredentials" time="3.869"/>
  <testcase classname="com.qa.hybridpractice.testcases.HybridPractice_LoginTests" name="loginWithValidUsernameInvalidPassword" time="3.967"/>
  <testcase classname="com.qa.hybridpractice.testcases.HybridPractice_LoginTests" name="logInWithInvalidUsernameValidPassword" time="3.820"/>
  <testcase classname="com.qa.hybridpractice.testcases.HybridPractice_LoginTests" name="logInWithNotCredentials" time="3.460"/>
</testsuite> <!-- com.qa.hybridpractice.testcases.HybridPractice_LoginTests -->
