<?xml version="1.0" encoding="UTF-8"?>
<!-- Generated by org.testng.reporters.JUnitReportReporter -->
<testsuite hostname="LAPTOP-PLNO5R2G" failures="0" tests="3" name="com.qa.hybridpractice.testcases.HybridPractice_LandingTest" time="6.522" errors="0" timestamp="2023-10-09T16:26:35 PDT" skipped="0">
  <testcase classname="com.qa.hybridpractice.testcases.HybridPractice_LandingTest" name="validateTitleAndCurrentUrl" time="1.883"/>
  <testcase classname="com.qa.hybridpractice.testcases.HybridPractice_LandingTest" name="signInButtonIsDisplayedAndEnabled" time="2.493"/>
  <testcase classname="com.qa.hybridpractice.testcases.HybridPractice_LandingTest" name="rediffLogoIsDisplayed" time="2.146"/>
</testsuite> <!-- com.qa.hybridpractice.testcases.HybridPractice_LandingTest -->
