<?xml version="1.0" encoding="UTF-8"?>
<!-- Generated by org.testng.reporters.JUnitReportReporter -->
<testsuite hostname="LAPTOP-PLNO5R2G" failures="0" tests="3" name="com.qa.hybridpractice.testcases.HybridPractice_LandingTest" time="9.833" errors="0" timestamp="2023-10-05T01:11:58 PDT" skipped="0">
  <testcase classname="com.qa.hybridpractice.testcases.HybridPractice_LandingTest" name="validateTitleAndCurrentUrl" time="3.186"/>
  <testcase classname="com.qa.hybridpractice.testcases.HybridPractice_LandingTest" name="signInButtonIsDisplayedAndEnabled" time="3.360"/>
  <testcase classname="com.qa.hybridpractice.testcases.HybridPractice_LandingTest" name="rediffLogoIsDisplayed" time="3.287"/>
</testsuite> <!-- com.qa.hybridpractice.testcases.HybridPractice_LandingTest -->
