<?xml version="1.0" encoding="UTF-8"?>
<!-- Generated by org.testng.reporters.JUnitReportReporter -->
<testsuite hostname="LAPTOP-PLNO5R2G" failures="0" tests="1" name="com.qa.hybridpractice.testcases.HybridPractice_InboxTest" time="9.250" errors="0" timestamp="2023-10-05T01:11:58 PDT" skipped="0">
  <testcase classname="com.qa.hybridpractice.testcases.HybridPractice_InboxTest" name="presenceOfInboxButton" time="9.250"/>
</testsuite> <!-- com.qa.hybridpractice.testcases.HybridPractice_InboxTest -->
