<?xml version="1.0" encoding="UTF-8"?>
<!-- Generated by org.testng.reporters.JUnitReportReporter -->
<testsuite hostname="LAPTOP-PLNO5R2G" failures="0" tests="1" name="com.qa.hybridpractice.testcases.HybridPractice_SignInLinkTest" time="5.174" errors="0" timestamp="2023-10-05T01:11:58 PDT" skipped="0">
  <testcase classname="com.qa.hybridpractice.testcases.HybridPractice_SignInLinkTest" name="clickOnSignInLink" time="5.174"/>
</testsuite> <!-- com.qa.hybridpractice.testcases.HybridPractice_SignInLinkTest -->
