<?xml version="1.0" encoding="UTF-8"?>
<!-- Generated by org.testng.reporters.JUnitReportReporter -->
<testsuite hostname="LAPTOP-PLNO5R2G" failures="0" tests="14" name="com.qa.hybridpractice.testcases.HybridPractice_LoginTests" time="105.192" errors="0" timestamp="2023-10-05T01:11:58 PDT" skipped="0">
  <testcase classname="com.qa.hybridpractice.testcases.HybridPractice_LoginTests" name="logInWithValidCredentialsUsingDataProvider" time="9.275"/>
  <testcase classname="com.qa.hybridpractice.testcases.HybridPractice_LoginTests" name="logInWithValidCredentialsUsingDataProvider" time="9.069"/>
  <testcase classname="com.qa.hybridpractice.testcases.HybridPractice_LoginTests" name="logInWithValidCredentialsUsingDataProvider" time="8.112"/>
  <testcase classname="com.qa.hybridpractice.testcases.HybridPractice_LoginTests" name="logInWithValidCredentialsUsingDataProvider" time="9.495"/>
  <testcase classname="com.qa.hybridpractice.testcases.HybridPractice_LoginTests" name="logInWithValidCredentialsUsingDataProvider" time="6.972"/>
  <testcase classname="com.qa.hybridpractice.testcases.HybridPractice_LoginTests" name="logInWithValidCredentialsUsingDataProviderExcelSheet" time="10.216"/>
  <testcase classname="com.qa.hybridpractice.testcases.HybridPractice_LoginTests" name="logInWithValidCredentialsUsingDataProviderExcelSheet" time="9.836"/>
  <testcase classname="com.qa.hybridpractice.testcases.HybridPractice_LoginTests" name="logInWithValidCredentialsUsingDataProviderExcelSheet" time="10.362"/>
  <testcase classname="com.qa.hybridpractice.testcases.HybridPractice_LoginTests" name="logInWithValidCredentialsUsingDataProviderExcelSheet" time="7.271"/>
  <testcase classname="com.qa.hybridpractice.testcases.HybridPractice_LoginTests" name="logInWithValidCredentialsUsingDataProviderExcelSheet" time="7.067"/>
  <testcase classname="com.qa.hybridpractice.testcases.HybridPractice_LoginTests" name="logInWithInvalidCredentials" time="4.869"/>
  <testcase classname="com.qa.hybridpractice.testcases.HybridPractice_LoginTests" name="loginWithValidUsernameInvalidPassword" time="4.339"/>
  <testcase classname="com.qa.hybridpractice.testcases.HybridPractice_LoginTests" name="logInWithInvalidUsernameValidPassword" time="4.272"/>
  <testcase classname="com.qa.hybridpractice.testcases.HybridPractice_LoginTests" name="logInWithNotCredentials" time="4.037"/>
</testsuite> <!-- com.qa.hybridpractice.testcases.HybridPractice_LoginTests -->
